app/build/intermediates/manifest_merge_blame_file/debug/processDebugMainManifest/manifest-merger-blame-debug-report.txt
1<?xml version="1.0" encoding="utf-8"?>
2<manifest xmlns:android="http://schemas.android.com/apk/res/android"
3    package="com.example.hotpot"
4    android:versionCode="1"
5    android:versionName="1.0" >
6
7    <uses-sdk
8        android:minSdkVersion="24"
9        android:targetSdkVersion="35" />
10
11    <uses-permission android:name="android.permission.INTERNET" />
11-->src/main/AndroidManifest.xml:5:5-66
11-->src/main/AndroidManifest.xml:5:22-64
12    <uses-permission android:name="android.permission.ACCESS_NETWORK_STATE" />
12-->src/main/AndroidManifest.xml:6:5-78
12-->src/main/AndroidManifest.xml:6:22-76
13    <uses-permission android:name="android.permission.INTERNET" />
13-->src/main/AndroidManifest.xml:5:5-66
13-->src/main/AndroidManifest.xml:5:22-64
14
15    <permission
15-->[androidx.core:core:1.15.0] AndroidManifest.xml:22:5-24:47
16        android:name="com.example.hotpot.DYNAMIC_RECEIVER_NOT_EXPORTED_PERMISSION"
16-->[androidx.core:core:1.15.0] AndroidManifest.xml:23:9-81
17        android:protectionLevel="signature" />
17-->[androidx.core:core:1.15.0] AndroidManifest.xml:24:9-44
18
19    <uses-permission android:name="com.example.hotpot.DYNAMIC_RECEIVER_NOT_EXPORTED_PERMISSION" />
19-->[androidx.core:core:1.15.0] AndroidManifest.xml:26:5-97
19-->[androidx.core:core:1.15.0] AndroidManifest.xml:26:22-94
20
21    <application
21-->src/main/AndroidManifest.xml:8:5-57:19
22        android:name="com.example.hotpot.HotpotApplication"
22-->src/main/AndroidManifest.xml:9:9-42
23        android:allowBackup="true"
23-->src/main/AndroidManifest.xml:12:9-35
24        android:appComponentFactory="androidx.core.app.CoreComponentFactory"
24-->[androidx.core:core:1.15.0] AndroidManifest.xml:28:18-86
25        android:dataExtractionRules="@xml/data_extraction_rules"
25-->src/main/AndroidManifest.xml:13:9-65
26        android:debuggable="true"
27        android:extractNativeLibs="false"
28        android:fullBackupContent="@xml/backup_rules"
28-->src/main/AndroidManifest.xml:14:9-54
29        android:icon="@mipmap/ic_launcher"
29-->src/main/AndroidManifest.xml:15:9-43
30        android:label="@string/app_name"
30-->src/main/AndroidManifest.xml:16:9-41
31        android:networkSecurityConfig="@xml/network_security_config"
31-->src/main/AndroidManifest.xml:11:9-69
32        android:roundIcon="@mipmap/ic_launcher_round"
32-->src/main/AndroidManifest.xml:17:9-54
33        android:supportsRtl="true"
33-->src/main/AndroidManifest.xml:18:9-35
34        android:theme="@style/Theme.MaterialComponents.Light.NoActionBar"
34-->src/main/AndroidManifest.xml:19:9-74
35        android:usesCleartextTraffic="true" >
35-->src/main/AndroidManifest.xml:10:9-44
36        <activity
36-->src/main/AndroidManifest.xml:21:9-29:20
37            android:name="com.example.hotpot.ui.splash.SplashActivity"
37-->src/main/AndroidManifest.xml:22:13-53
38            android:exported="true"
38-->src/main/AndroidManifest.xml:23:13-36
39            android:theme="@style/Theme.MaterialComponents.Light.NoActionBar" >
39-->src/main/AndroidManifest.xml:24:13-78
40            <intent-filter>
40-->src/main/AndroidManifest.xml:25:13-28:29
41                <action android:name="android.intent.action.MAIN" />
41-->src/main/AndroidManifest.xml:26:17-69
41-->src/main/AndroidManifest.xml:26:25-66
42
43                <category android:name="android.intent.category.LAUNCHER" />
43-->src/main/AndroidManifest.xml:27:17-77
43-->src/main/AndroidManifest.xml:27:27-74
44            </intent-filter>
45        </activity>
46        <activity
46-->src/main/AndroidManifest.xml:30:9-34:20
47            android:name="com.example.hotpot.ui.activity.AuthActivity"
47-->src/main/AndroidManifest.xml:31:13-53
48            android:exported="true"
48-->src/main/AndroidManifest.xml:32:13-36
49            android:theme="@style/Theme.MaterialComponents.Light.NoActionBar" >
49-->src/main/AndroidManifest.xml:33:13-78
50        </activity>
51
52        <!-- MainActivity (After Splash) -->
53        <activity
53-->src/main/AndroidManifest.xml:37:9-40:80
54            android:name="com.example.hotpot.ui.activity.MainActivity"
54-->src/main/AndroidManifest.xml:38:13-71
55            android:exported="true"
55-->src/main/AndroidManifest.xml:39:13-36
56            android:theme="@style/Theme.MaterialComponents.Light.NoActionBar" />
56-->src/main/AndroidManifest.xml:40:13-78
57        <activity
57-->src/main/AndroidManifest.xml:42:9-46:20
58            android:name="com.example.hotpot.ui.activity.FullscreenActivity"
58-->src/main/AndroidManifest.xml:43:13-59
59            android:exported="true"
59-->src/main/AndroidManifest.xml:44:13-36
60            android:theme="@style/Theme.MaterialComponents.Light.NoActionBar" >
60-->src/main/AndroidManifest.xml:45:13-78
61        </activity>
62        <activity
62-->src/main/AndroidManifest.xml:47:9-50:20
63            android:name="com.example.hotpot.ui.activity.RecipeDetailActivity"
63-->src/main/AndroidManifest.xml:47:19-67
64            android:exported="true"
64-->src/main/AndroidManifest.xml:48:13-36
65            android:theme="@style/Theme.MaterialComponents.Light.NoActionBar" >
65-->src/main/AndroidManifest.xml:49:13-78
66        </activity>
67        <activity
67-->src/main/AndroidManifest.xml:47:9-50:20
68            android:name="com.example.hotpot.ui.activity.RecipeDetailActivity"
68-->src/main/AndroidManifest.xml:47:19-67
69            android:exported="true"
69-->src/main/AndroidManifest.xml:48:13-36
70            android:theme="@style/Theme.MaterialComponents.Light.NoActionBar" >
70-->src/main/AndroidManifest.xml:49:13-78
71        </activity>
72        <activity
72-->[androidx.compose.ui:ui-tooling-android:1.7.2] AndroidManifest.xml:23:9-25:39
73            android:name="androidx.compose.ui.tooling.PreviewActivity"
73-->[androidx.compose.ui:ui-tooling-android:1.7.2] AndroidManifest.xml:24:13-71
74            android:exported="true" />
74-->[androidx.compose.ui:ui-tooling-android:1.7.2] AndroidManifest.xml:25:13-36
75
76        <uses-library
76-->[androidx.window:window:1.0.0] AndroidManifest.xml:25:9-27:40
77            android:name="androidx.window.extensions"
77-->[androidx.window:window:1.0.0] AndroidManifest.xml:26:13-54
78            android:required="false" />
78-->[androidx.window:window:1.0.0] AndroidManifest.xml:27:13-37
79        <uses-library
79-->[androidx.window:window:1.0.0] AndroidManifest.xml:28:9-30:40
80            android:name="androidx.window.sidecar"
80-->[androidx.window:window:1.0.0] AndroidManifest.xml:29:13-51
81            android:required="false" />
81-->[androidx.window:window:1.0.0] AndroidManifest.xml:30:13-37
82
83        <provider
83-->[androidx.emoji2:emoji2:1.3.0] AndroidManifest.xml:24:9-32:20
84            android:name="androidx.startup.InitializationProvider"
84-->[androidx.emoji2:emoji2:1.3.0] AndroidManifest.xml:25:13-67
85            android:authorities="com.example.hotpot.androidx-startup"
85-->[androidx.emoji2:emoji2:1.3.0] AndroidManifest.xml:26:13-68
86            android:exported="false" >
86-->[androidx.emoji2:emoji2:1.3.0] AndroidManifest.xml:27:13-37
87            <meta-data
87-->[androidx.emoji2:emoji2:1.3.0] AndroidManifest.xml:29:13-31:52
88                android:name="androidx.emoji2.text.EmojiCompatInitializer"
88-->[androidx.emoji2:emoji2:1.3.0] AndroidManifest.xml:30:17-75
89                android:value="androidx.startup" />
89-->[androidx.emoji2:emoji2:1.3.0] AndroidManifest.xml:31:17-49
90            <meta-data
90-->[androidx.lifecycle:lifecycle-process:2.8.7] AndroidManifest.xml:29:13-31:52
91                android:name="androidx.lifecycle.ProcessLifecycleInitializer"
91-->[androidx.lifecycle:lifecycle-process:2.8.7] AndroidManifest.xml:30:17-78
92                android:value="androidx.startup" />
92-->[androidx.lifecycle:lifecycle-process:2.8.7] AndroidManifest.xml:31:17-49
93            <meta-data
93-->[androidx.profileinstaller:profileinstaller:1.4.0] AndroidManifest.xml:29:13-31:52
94                android:name="androidx.profileinstaller.ProfileInstallerInitializer"
94-->[androidx.profileinstaller:profileinstaller:1.4.0] AndroidManifest.xml:30:17-85
95                android:value="androidx.startup" />
95-->[androidx.profileinstaller:profileinstaller:1.4.0] AndroidManifest.xml:31:17-49
96        </provider>
97
98        <activity
98-->[androidx.compose.ui:ui-test-manifest:1.7.2] AndroidManifest.xml:23:9-25:39
99            android:name="androidx.activity.ComponentActivity"
99-->[androidx.compose.ui:ui-test-manifest:1.7.2] AndroidManifest.xml:24:13-63
100            android:exported="true" />
100-->[androidx.compose.ui:ui-test-manifest:1.7.2] AndroidManifest.xml:25:13-36
101
102        <receiver
102-->[androidx.profileinstaller:profileinstaller:1.4.0] AndroidManifest.xml:34:9-52:20
103            android:name="androidx.profileinstaller.ProfileInstallReceiver"
103-->[androidx.profileinstaller:profileinstaller:1.4.0] AndroidManifest.xml:35:13-76
104            android:directBootAware="false"
104-->[androidx.profileinstaller:profileinstaller:1.4.0] AndroidManifest.xml:36:13-44
105            android:enabled="true"
105-->[androidx.profileinstaller:profileinstaller:1.4.0] AndroidManifest.xml:37:13-35
106            android:exported="true"
106-->[androidx.profileinstaller:profileinstaller:1.4.0] AndroidManifest.xml:38:13-36
107            android:permission="android.permission.DUMP" >
107-->[androidx.profileinstaller:profileinstaller:1.4.0] AndroidManifest.xml:39:13-57
108            <intent-filter>
108-->[androidx.profileinstaller:profileinstaller:1.4.0] AndroidManifest.xml:40:13-42:29
109                <action android:name="androidx.profileinstaller.action.INSTALL_PROFILE" />
109-->[androidx.profileinstaller:profileinstaller:1.4.0] AndroidManifest.xml:41:17-91
109-->[androidx.profileinstaller:profileinstaller:1.4.0] AndroidManifest.xml:41:25-88
110            </intent-filter>
111            <intent-filter>
111-->[androidx.profileinstaller:profileinstaller:1.4.0] AndroidManifest.xml:43:13-45:29
112                <action android:name="androidx.profileinstaller.action.SKIP_FILE" />
112-->[androidx.profileinstaller:profileinstaller:1.4.0] AndroidManifest.xml:44:17-85
112-->[androidx.profileinstaller:profileinstaller:1.4.0] AndroidManifest.xml:44:25-82
113            </intent-filter>
114            <intent-filter>
114-->[androidx.profileinstaller:profileinstaller:1.4.0] AndroidManifest.xml:46:13-48:29
115                <action android:name="androidx.profileinstaller.action.SAVE_PROFILE" />
115-->[androidx.profileinstaller:profileinstaller:1.4.0] AndroidManifest.xml:47:17-88
115-->[androidx.profileinstaller:profileinstaller:1.4.0] AndroidManifest.xml:47:25-85
116            </intent-filter>
117            <intent-filter>
117-->[androidx.profileinstaller:profileinstaller:1.4.0] AndroidManifest.xml:49:13-51:29
118                <action android:name="androidx.profileinstaller.action.BENCHMARK_OPERATION" />
118-->[androidx.profileinstaller:profileinstaller:1.4.0] AndroidManifest.xml:50:17-95
118-->[androidx.profileinstaller:profileinstaller:1.4.0] AndroidManifest.xml:50:25-92
119            </intent-filter>
120        </receiver>
121    </application>
122
123</manifest>